# JRE version: OpenJDK Runtime Environment (8.0_152-b02) (build 1.8.0_152-release-1024-b02)
# Java VM: OpenJDK 64-Bit Server VM (25.152-b02 mixed mode windows-amd64 compressed oops)
Heap:
 PSYoungGen      total 99840K, used 40952K [0x00000000e0000000, 0x00000000ea180000, 0x0000000100000000)
  eden space 90112K, 35% used [0x00000000e0000000,0x00000000e1f2fa30,0x00000000e5800000)
  from space 9728K, 92% used [0x00000000e5800000,0x00000000e60ce850,0x00000000e6180000)
  to   space 10752K, 0% used [0x00000000e9700000,0x00000000e9700000,0x00000000ea180000)
 ParOldGen       total 45056K, used 7668K [0x00000000a0000000, 0x00000000a2c00000, 0x00000000e0000000)
  object space 45056K, 17% used [0x00000000a0000000,0x00000000a077d098,0x00000000a2c00000)
 Metaspace       used 29308K, capacity 29648K, committed 29952K, reserved 1075200K
  class space    used 4088K, capacity 4235K, committed 4352K, reserved 1048576K
GC Heap History (10 events):
Event: 3.680 GC heap before
{Heap before GC invocations=4 (full 0):
 PSYoungGen      total 26112K, used 26080K [0x00000000e0000000, 0x00000000e3300000, 0x0000000100000000)
  eden space 22528K, 100% used [0x00000000e0000000,0x00000000e1600000,0x00000000e1600000)
  from space 3584K, 99% used [0x00000000e1600000,0x00000000e1978020,0x00000000e1980000)
  to   space 3584K, 0% used [0x00000000e2f80000,0x00000000e2f80000,0x00000000e3300000)
 ParOldGen       total 60416K, used 2215K [0x00000000a0000000, 0x00000000a3b00000, 0x00000000e0000000)
  object space 60416K, 3% used [0x00000000a0000000,0x00000000a0229df8,0x00000000a3b00000)
 Metaspace       used 13551K, capacity 13876K, committed 14080K, reserved 1060864K
  class space    used 1880K, capacity 2024K, committed 2048K, reserved 1048576K
Event: 3.701 GC heap after
Heap after GC invocations=4 (full 0):
 PSYoungGen      total 48640K, used 3552K [0x00000000e0000000, 0x00000000e3300000, 0x0000000100000000)
  eden space 45056K, 0% used [0x00000000e0000000,0x00000000e0000000,0x00000000e2c00000)
  from space 3584K, 99% used [0x00000000e2f80000,0x00000000e32f8020,0x00000000e3300000)
  to   space 3584K, 0% used [0x00000000e2c00000,0x00000000e2c00000,0x00000000e2f80000)
 ParOldGen       total 60416K, used 4477K [0x00000000a0000000, 0x00000000a3b00000, 0x00000000e0000000)
  object space 60416K, 7% used [0x00000000a0000000,0x00000000a045f6e8,0x00000000a3b00000)
 Metaspace       used 13551K, capacity 13876K, committed 14080K, reserved 1060864K
  class space    used 1880K, capacity 2024K, committed 2048K, reserved 1048576K
}
Event: 5.165 GC heap before
{Heap before GC invocations=5 (full 0):
 PSYoungGen      total 48640K, used 48608K [0x00000000e0000000, 0x00000000e3300000, 0x0000000100000000)
  eden space 45056K, 100% used [0x00000000e0000000,0x00000000e2c00000,0x00000000e2c00000)
  from space 3584K, 99% used [0x00000000e2f80000,0x00000000e32f8020,0x00000000e3300000)
  to   space 3584K, 0% used [0x00000000e2c00000,0x00000000e2c00000,0x00000000e2f80000)
 ParOldGen       total 60416K, used 4477K [0x00000000a0000000, 0x00000000a3b00000, 0x00000000e0000000)
  object space 60416K, 7% used [0x00000000a0000000,0x00000000a045f6e8,0x00000000a3b00000)
 Metaspace       used 18503K, capacity 18898K, committed 19200K, reserved 1064960K
  class space    used 2606K, capacity 2733K, committed 2816K, reserved 1048576K
Event: 5.189 GC heap after
Heap after GC invocations=5 (full 0):
 PSYoungGen      total 48640K, used 3552K [0x00000000e0000000, 0x00000000e6c00000, 0x0000000100000000)
  eden space 45056K, 0% used [0x00000000e0000000,0x00000000e0000000,0x00000000e2c00000)
  from space 3584K, 99% used [0x00000000e2c00000,0x00000000e2f78030,0x00000000e2f80000)
  to   space 10240K, 0% used [0x00000000e6200000,0x00000000e6200000,0x00000000e6c00000)
 ParOldGen       total 60416K, used 10469K [0x00000000a0000000, 0x00000000a3b00000, 0x00000000e0000000)
  object space 60416K, 17% used [0x00000000a0000000,0x00000000a0a396e8,0x00000000a3b00000)
 Metaspace       used 18503K, capacity 18898K, committed 19200K, reserved 1064960K
  class space    used 2606K, capacity 2733K, committed 2816K, reserved 1048576K
}
Event: 5.492 GC heap before
{Heap before GC invocations=6 (full 0):
 PSYoungGen      total 48640K, used 12025K [0x00000000e0000000, 0x00000000e6c00000, 0x0000000100000000)
  eden space 45056K, 18% used [0x00000000e0000000,0x00000000e08466c0,0x00000000e2c00000)
  from space 3584K, 99% used [0x00000000e2c00000,0x00000000e2f78030,0x00000000e2f80000)
  to   space 10240K, 0% used [0x00000000e6200000,0x00000000e6200000,0x00000000e6c00000)
 ParOldGen       total 60416K, used 10469K [0x00000000a0000000, 0x00000000a3b00000, 0x00000000e0000000)
  object space 60416K, 17% used [0x00000000a0000000,0x00000000a0a396e8,0x00000000a3b00000)
 Metaspace       used 20792K, capacity 21074K, committed 21248K, reserved 1067008K
  class space    used 2898K, capacity 2989K, committed 3072K, reserved 1048576K
Event: 5.502 GC heap after
Heap after GC invocations=6 (full 0):
 PSYoungGen      total 99328K, used 5310K [0x00000000e0000000, 0x00000000e6b00000, 0x0000000100000000)
  eden space 90112K, 0% used [0x00000000e0000000,0x00000000e0000000,0x00000000e5800000)
  from space 9216K, 57% used [0x00000000e6200000,0x00000000e672fab0,0x00000000e6b00000)
  to   space 9728K, 0% used [0x00000000e5800000,0x00000000e5800000,0x00000000e6180000)
 ParOldGen       total 60416K, used 10477K [0x00000000a0000000, 0x00000000a3b00000, 0x00000000e0000000)
  object space 60416K, 17% used [0x00000000a0000000,0x00000000a0a3b6e8,0x00000000a3b00000)
 Metaspace       used 20792K, capacity 21074K, committed 21248K, reserved 1067008K
  class space    used 2898K, capacity 2989K, committed 3072K, reserved 1048576K
}
Event: 5.502 GC heap before
{Heap before GC invocations=7 (full 1):
 PSYoungGen      total 99328K, used 5310K [0x00000000e0000000, 0x00000000e6b00000, 0x0000000100000000)
  eden space 90112K, 0% used [0x00000000e0000000,0x00000000e0000000,0x00000000e5800000)
  from space 9216K, 57% used [0x00000000e6200000,0x00000000e672fab0,0x00000000e6b00000)
  to   space 9728K, 0% used [0x00000000e5800000,0x00000000e5800000,0x00000000e6180000)
 ParOldGen       total 60416K, used 10477K [0x00000000a0000000, 0x00000000a3b00000, 0x00000000e0000000)
  object space 60416K, 17% used [0x00000000a0000000,0x00000000a0a3b6e8,0x00000000a3b00000)
 Metaspace       used 20792K, capacity 21074K, committed 21248K, reserved 1067008K
  class space    used 2898K, capacity 2989K, committed 3072K, reserved 1048576K
Event: 5.572 GC heap after
Heap after GC invocations=7 (full 1):
 PSYoungGen      total 99328K, used 0K [0x00000000e0000000, 0x00000000e6b00000, 0x0000000100000000)
  eden space 90112K, 0% used [0x00000000e0000000,0x00000000e0000000,0x00000000e5800000)
  from space 9216K, 0% used [0x00000000e6200000,0x00000000e6200000,0x00000000e6b00000)
  to   space 9728K, 0% used [0x00000000e5800000,0x00000000e5800000,0x00000000e6180000)
 ParOldGen       total 45056K, used 7660K [0x00000000a0000000, 0x00000000a2c00000, 0x00000000e0000000)
  object space 45056K, 17% used [0x00000000a0000000,0x00000000a077b098,0x00000000a2c00000)
 Metaspace       used 20792K, capacity 21074K, committed 21248K, reserved 1067008K
  class space    used 2898K, capacity 2989K, committed 3072K, reserved 1048576K
}
Event: 8.085 GC heap before
{Heap before GC invocations=8 (full 1):
 PSYoungGen      total 99328K, used 90112K [0x00000000e0000000, 0x00000000e6b00000, 0x0000000100000000)
  eden space 90112K, 100% used [0x00000000e0000000,0x00000000e5800000,0x00000000e5800000)
  from space 9216K, 0% used [0x00000000e6200000,0x00000000e6200000,0x00000000e6b00000)
  to   space 9728K, 0% used [0x00000000e5800000,0x00000000e5800000,0x00000000e6180000)
 ParOldGen       total 45056K, used 7660K [0x00000000a0000000, 0x00000000a2c00000, 0x00000000e0000000)
  object space 45056K, 17% used [0x00000000a0000000,0x00000000a077b098,0x00000000a2c00000)
 Metaspace       used 27886K, capacity 28274K, committed 28672K, reserved 1073152K
  class space    used 3900K, capacity 4036K, committed 4096K, reserved 1048576K
Event: 8.108 GC heap after
Heap after GC invocations=8 (full 1):
 PSYoungGen      total 99840K, used 9018K [0x00000000e0000000, 0x00000000ea180000, 0x0000000100000000)
  eden space 90112K, 0% used [0x00000000e0000000,0x00000000e0000000,0x00000000e5800000)
  from space 9728K, 92% used [0x00000000e5800000,0x00000000e60ce850,0x00000000e6180000)
  to   space 10752K, 0% used [0x00000000e9700000,0x00000000e9700000,0x00000000ea180000)
 ParOldGen       total 45056K, used 7668K [0x00000000a0000000, 0x00000000a2c00000, 0x00000000e0000000)
  object space 45056K, 17% used [0x00000000a0000000,0x00000000a077d098,0x00000000a2c00000)
 Metaspace       used 27886K, capacity 28274K, committed 28672K, reserved 1073152K
  class space    used 3900K, capacity 4036K, committed 4096K, reserved 1048576K
}

