# JRE version: OpenJDK Runtime Environment (8.0_152-b02) (build 1.8.0_152-release-1024-b02)
# Java VM: OpenJDK 64-Bit Server VM (25.152-b02 mixed mode windows-amd64 compressed oops)
Heap:
 PSYoungGen      total 316928K, used 308794K [0x00000000e0000000, 0x00000000f5e80000, 0x0000000100000000)
  eden space 301056K, 100% used [0x00000000e0000000,0x00000000f2600000,0x00000000f2600000)
  from space 15872K, 48% used [0x00000000f2600000,0x00000000f2d8eb30,0x00000000f3580000)
  to   space 15360K, 47% used [0x00000000f4f80000,0x00000000f56a3798,0x00000000f5e80000)
 ParOldGen       total 119296K, used 56313K [0x00000000a0000000, 0x00000000a7480000, 0x00000000e0000000)
  object space 119296K, 47% used [0x00000000a0000000,0x00000000a36fe700,0x00000000a7480000)
 Metaspace       used 75560K, capacity 79436K, committed 79636K, reserved 1118208K
  class space    used 9880K, capacity 10757K, committed 10772K, reserved 1048576K
GC Heap History (10 events):
Event: 104.275 GC heap after
Heap after GC invocations=28 (full 3):
 PSYoungGen      total 316928K, used 10023K [0x00000000e0000000, 0x00000000f4a80000, 0x0000000100000000)
  eden space 299008K, 0% used [0x00000000e0000000,0x00000000e0000000,0x00000000f2400000)
  from space 17920K, 55% used [0x00000000f2400000,0x00000000f2dc9ef0,0x00000000f3580000)
  to   space 18432K, 0% used [0x00000000f3580000,0x00000000f3580000,0x00000000f4780000)
 ParOldGen       total 119296K, used 56305K [0x00000000a0000000, 0x00000000a7480000, 0x00000000e0000000)
  object space 119296K, 47% used [0x00000000a0000000,0x00000000a36fc700,0x00000000a7480000)
 Metaspace       used 75432K, capacity 79372K, committed 79636K, reserved 1118208K
  class space    used 9878K, capacity 10757K, committed 10772K, reserved 1048576K
}
Event: 106.172 GC heap before
{Heap before GC invocations=29 (full 3):
 PSYoungGen      total 316928K, used 309031K [0x00000000e0000000, 0x00000000f4a80000, 0x0000000100000000)
  eden space 299008K, 100% used [0x00000000e0000000,0x00000000f2400000,0x00000000f2400000)
  from space 17920K, 55% used [0x00000000f2400000,0x00000000f2dc9ef0,0x00000000f3580000)
  to   space 18432K, 0% used [0x00000000f3580000,0x00000000f3580000,0x00000000f4780000)
 ParOldGen       total 119296K, used 56305K [0x00000000a0000000, 0x00000000a7480000, 0x00000000e0000000)
  object space 119296K, 47% used [0x00000000a0000000,0x00000000a36fc700,0x00000000a7480000)
 Metaspace       used 75481K, capacity 79436K, committed 79636K, reserved 1118208K
  class space    used 9879K, capacity 10757K, committed 10772K, reserved 1048576K
Event: 106.198 GC heap after
Heap after GC invocations=29 (full 3):
 PSYoungGen      total 317440K, used 9285K [0x00000000e0000000, 0x00000000f4a80000, 0x0000000100000000)
  eden space 299008K, 0% used [0x00000000e0000000,0x00000000e0000000,0x00000000f2400000)
  from space 18432K, 50% used [0x00000000f3580000,0x00000000f3e915c0,0x00000000f4780000)
  to   space 17920K, 0% used [0x00000000f2400000,0x00000000f2400000,0x00000000f3580000)
 ParOldGen       total 119296K, used 56305K [0x00000000a0000000, 0x00000000a7480000, 0x00000000e0000000)
  object space 119296K, 47% used [0x00000000a0000000,0x00000000a36fc700,0x00000000a7480000)
 Metaspace       used 75481K, capacity 79436K, committed 79636K, reserved 1118208K
  class space    used 9879K, capacity 10757K, committed 10772K, reserved 1048576K
}
Event: 108.286 GC heap before
{Heap before GC invocations=30 (full 3):
 PSYoungGen      total 317440K, used 308293K [0x00000000e0000000, 0x00000000f4a80000, 0x0000000100000000)
  eden space 299008K, 100% used [0x00000000e0000000,0x00000000f2400000,0x00000000f2400000)
  from space 18432K, 50% used [0x00000000f3580000,0x00000000f3e915c0,0x00000000f4780000)
  to   space 17920K, 0% used [0x00000000f2400000,0x00000000f2400000,0x00000000f3580000)
 ParOldGen       total 119296K, used 56305K [0x00000000a0000000, 0x00000000a7480000, 0x00000000e0000000)
  object space 119296K, 47% used [0x00000000a0000000,0x00000000a36fc700,0x00000000a7480000)
 Metaspace       used 75510K, capacity 79436K, committed 79636K, reserved 1118208K
  class space    used 9880K, capacity 10757K, committed 10772K, reserved 1048576K
Event: 108.323 GC heap after
Heap after GC invocations=30 (full 3):
 PSYoungGen      total 316928K, used 9110K [0x00000000e0000000, 0x00000000f4a80000, 0x0000000100000000)
  eden space 299008K, 0% used [0x00000000e0000000,0x00000000e0000000,0x00000000f2400000)
  from space 17920K, 50% used [0x00000000f2400000,0x00000000f2ce5bd0,0x00000000f3580000)
  to   space 18432K, 0% used [0x00000000f3580000,0x00000000f3580000,0x00000000f4780000)
 ParOldGen       total 119296K, used 56313K [0x00000000a0000000, 0x00000000a7480000, 0x00000000e0000000)
  object space 119296K, 47% used [0x00000000a0000000,0x00000000a36fe700,0x00000000a7480000)
 Metaspace       used 75510K, capacity 79436K, committed 79636K, reserved 1118208K
  class space    used 9880K, capacity 10757K, committed 10772K, reserved 1048576K
}
Event: 110.300 GC heap before
{Heap before GC invocations=31 (full 3):
 PSYoungGen      total 316928K, used 308118K [0x00000000e0000000, 0x00000000f4a80000, 0x0000000100000000)
  eden space 299008K, 100% used [0x00000000e0000000,0x00000000f2400000,0x00000000f2400000)
  from space 17920K, 50% used [0x00000000f2400000,0x00000000f2ce5bd0,0x00000000f3580000)
  to   space 18432K, 0% used [0x00000000f3580000,0x00000000f3580000,0x00000000f4780000)
 ParOldGen       total 119296K, used 56313K [0x00000000a0000000, 0x00000000a7480000, 0x00000000e0000000)
  object space 119296K, 47% used [0x00000000a0000000,0x00000000a36fe700,0x00000000a7480000)
 Metaspace       used 75540K, capacity 79436K, committed 79636K, reserved 1118208K
  class space    used 9880K, capacity 10757K, committed 10772K, reserved 1048576K
Event: 110.322 GC heap after
Heap after GC invocations=31 (full 3):
 PSYoungGen      total 319488K, used 9807K [0x00000000e0000000, 0x00000000f5f80000, 0x0000000100000000)
  eden space 301056K, 0% used [0x00000000e0000000,0x00000000e0000000,0x00000000f2600000)
  from space 18432K, 53% used [0x00000000f3580000,0x00000000f3f13f18,0x00000000f4780000)
  to   space 15872K, 0% used [0x00000000f2600000,0x00000000f2600000,0x00000000f3580000)
 ParOldGen       total 119296K, used 56313K [0x00000000a0000000, 0x00000000a7480000, 0x00000000e0000000)
  object space 119296K, 47% used [0x00000000a0000000,0x00000000a36fe700,0x00000000a7480000)
 Metaspace       used 75540K, capacity 79436K, committed 79636K, reserved 1118208K
  class space    used 9880K, capacity 10757K, committed 10772K, reserved 1048576K
}
Event: 112.952 GC heap before
{Heap before GC invocations=32 (full 3):
 PSYoungGen      total 319488K, used 310863K [0x00000000e0000000, 0x00000000f5f80000, 0x0000000100000000)
  eden space 301056K, 100% used [0x00000000e0000000,0x00000000f2600000,0x00000000f2600000)
  from space 18432K, 53% used [0x00000000f3580000,0x00000000f3f13f18,0x00000000f4780000)
  to   space 15872K, 0% used [0x00000000f2600000,0x00000000f2600000,0x00000000f3580000)
 ParOldGen       total 119296K, used 56313K [0x00000000a0000000, 0x00000000a7480000, 0x00000000e0000000)
  object space 119296K, 47% used [0x00000000a0000000,0x00000000a36fe700,0x00000000a7480000)
 Metaspace       used 75550K, capacity 79436K, committed 79636K, reserved 1118208K
  class space    used 9880K, capacity 10757K, committed 10772K, reserved 1048576K
Event: 112.976 GC heap after
Heap after GC invocations=32 (full 3):
 PSYoungGen      total 316928K, used 7738K [0x00000000e0000000, 0x00000000f5e80000, 0x0000000100000000)
  eden space 301056K, 0% used [0x00000000e0000000,0x00000000e0000000,0x00000000f2600000)
  from space 15872K, 48% used [0x00000000f2600000,0x00000000f2d8eb30,0x00000000f3580000)
  to   space 15360K, 0% used [0x00000000f4f80000,0x00000000f4f80000,0x00000000f5e80000)
 ParOldGen       total 119296K, used 56313K [0x00000000a0000000, 0x00000000a7480000, 0x00000000e0000000)
  object space 119296K, 47% used [0x00000000a0000000,0x00000000a36fe700,0x00000000a7480000)
 Metaspace       used 75550K, capacity 79436K, committed 79636K, reserved 1118208K
  class space    used 9880K, capacity 10757K, committed 10772K, reserved 1048576K
}
Event: 114.656 GC heap before
{Heap before GC invocations=33 (full 3):
 PSYoungGen      total 316928K, used 308794K [0x00000000e0000000, 0x00000000f5e80000, 0x0000000100000000)
  eden space 301056K, 100% used [0x00000000e0000000,0x00000000f2600000,0x00000000f2600000)
  from space 15872K, 48% used [0x00000000f2600000,0x00000000f2d8eb30,0x00000000f3580000)
  to   space 15360K, 0% used [0x00000000f4f80000,0x00000000f4f80000,0x00000000f5e80000)
 ParOldGen       total 119296K, used 56313K [0x00000000a0000000, 0x00000000a7480000, 0x00000000e0000000)
  object space 119296K, 47% used [0x00000000a0000000,0x00000000a36fe700,0x00000000a7480000)
 Metaspace       used 75560K, capacity 79436K, committed 79636K, reserved 1118208K
  class space    used 9880K, capacity 10757K, committed 10772K, reserved 1048576K

