# JRE version: OpenJDK Runtime Environment (8.0_152-b02) (build 1.8.0_152-release-1024-b02)
# Java VM: OpenJDK 64-Bit Server VM (25.152-b02 mixed mode windows-amd64 compressed oops)
Heap:
 PSYoungGen      total 329216K, used 141857K [0x00000000e0000000, 0x00000000f6b80000, 0x0000000100000000)
  eden space 301568K, 47% used [0x00000000e0000000,0x00000000e8a88418,0x00000000f2680000)
  from space 27648K, 0% used [0x00000000f4280000,0x00000000f4280000,0x00000000f5d80000)
  to   space 28672K, 0% used [0x00000000f2680000,0x00000000f2680000,0x00000000f4280000)
 ParOldGen       total 84480K, used 67072K [0x00000000a0000000, 0x00000000a5280000, 0x00000000e0000000)
  object space 84480K, 79% used [0x00000000a0000000,0x00000000a41803f0,0x00000000a5280000)
 Metaspace       used 81387K, capacity 84975K, committed 85208K, reserved 1124352K
  class space    used 10301K, capacity 11185K, committed 11264K, reserved 1048576K
GC Heap History (10 events):
Event: 3030.473 GC heap before
{Heap before GC invocations=24 (full 3):
 PSYoungGen      total 253440K, used 243934K [0x00000000e0000000, 0x00000000f1480000, 0x0000000100000000)
  eden space 237056K, 100% used [0x00000000e0000000,0x00000000ee780000,0x00000000ee780000)
  from space 16384K, 41% used [0x00000000f0480000,0x00000000f0b37950,0x00000000f1480000)
  to   space 23040K, 0% used [0x00000000ee780000,0x00000000ee780000,0x00000000efe00000)
 ParOldGen       total 84480K, used 62253K [0x00000000a0000000, 0x00000000a5280000, 0x00000000e0000000)
  object space 84480K, 73% used [0x00000000a0000000,0x00000000a3ccb428,0x00000000a5280000)
 Metaspace       used 73874K, capacity 77407K, committed 77656K, reserved 1116160K
  class space    used 9462K, capacity 10309K, committed 10368K, reserved 1048576K
Event: 3030.504 GC heap after
Heap after GC invocations=24 (full 3):
 PSYoungGen      total 260096K, used 8532K [0x00000000e0000000, 0x00000000f3200000, 0x0000000100000000)
  eden space 237056K, 0% used [0x00000000e0000000,0x00000000e0000000,0x00000000ee780000)
  from space 23040K, 37% used [0x00000000ee780000,0x00000000eefd5090,0x00000000efe00000)
  to   space 22016K, 0% used [0x00000000f1c80000,0x00000000f1c80000,0x00000000f3200000)
 ParOldGen       total 84480K, used 62261K [0x00000000a0000000, 0x00000000a5280000, 0x00000000e0000000)
  object space 84480K, 73% used [0x00000000a0000000,0x00000000a3ccd428,0x00000000a5280000)
 Metaspace       used 73874K, capacity 77407K, committed 77656K, reserved 1116160K
  class space    used 9462K, capacity 10309K, committed 10368K, reserved 1048576K
}
Event: 3036.895 GC heap before
{Heap before GC invocations=25 (full 3):
 PSYoungGen      total 260096K, used 244018K [0x00000000e0000000, 0x00000000f3200000, 0x0000000100000000)
  eden space 237056K, 99% used [0x00000000e0000000,0x00000000ee5f77b8,0x00000000ee780000)
  from space 23040K, 37% used [0x00000000ee780000,0x00000000eefd5090,0x00000000efe00000)
  to   space 22016K, 0% used [0x00000000f1c80000,0x00000000f1c80000,0x00000000f3200000)
 ParOldGen       total 84480K, used 62261K [0x00000000a0000000, 0x00000000a5280000, 0x00000000e0000000)
  object space 84480K, 73% used [0x00000000a0000000,0x00000000a3ccd428,0x00000000a5280000)
 Metaspace       used 77735K, capacity 81279K, committed 81496K, reserved 1120256K
  class space    used 9962K, capacity 10789K, committed 10880K, reserved 1048576K
Event: 3036.938 GC heap after
Heap after GC invocations=25 (full 3):
 PSYoungGen      total 290304K, used 15328K [0x00000000e0000000, 0x00000000f3480000, 0x0000000100000000)
  eden space 268288K, 0% used [0x00000000e0000000,0x00000000e0000000,0x00000000f0600000)
  from space 22016K, 69% used [0x00000000f1c80000,0x00000000f2b78230,0x00000000f3200000)
  to   space 23040K, 0% used [0x00000000f0600000,0x00000000f0600000,0x00000000f1c80000)
 ParOldGen       total 84480K, used 62269K [0x00000000a0000000, 0x00000000a5280000, 0x00000000e0000000)
  object space 84480K, 73% used [0x00000000a0000000,0x00000000a3ccf428,0x00000000a5280000)
 Metaspace       used 77735K, capacity 81279K, committed 81496K, reserved 1120256K
  class space    used 9962K, capacity 10789K, committed 10880K, reserved 1048576K
}
Event: 3054.638 GC heap before
{Heap before GC invocations=26 (full 3):
 PSYoungGen      total 290304K, used 283616K [0x00000000e0000000, 0x00000000f3480000, 0x0000000100000000)
  eden space 268288K, 100% used [0x00000000e0000000,0x00000000f0600000,0x00000000f0600000)
  from space 22016K, 69% used [0x00000000f1c80000,0x00000000f2b78230,0x00000000f3200000)
  to   space 23040K, 0% used [0x00000000f0600000,0x00000000f0600000,0x00000000f1c80000)
 ParOldGen       total 84480K, used 62269K [0x00000000a0000000, 0x00000000a5280000, 0x00000000e0000000)
  object space 84480K, 73% used [0x00000000a0000000,0x00000000a3ccf428,0x00000000a5280000)
 Metaspace       used 80076K, capacity 83621K, committed 83928K, reserved 1122304K
  class space    used 10109K, capacity 10950K, committed 11008K, reserved 1048576K
Event: 3054.703 GC heap after
Heap after GC invocations=26 (full 3):
 PSYoungGen      total 291328K, used 23023K [0x00000000e0000000, 0x00000000f5d80000, 0x0000000100000000)
  eden space 268288K, 0% used [0x00000000e0000000,0x00000000e0000000,0x00000000f0600000)
  from space 23040K, 99% used [0x00000000f0600000,0x00000000f1c7bd10,0x00000000f1c80000)
  to   space 27648K, 0% used [0x00000000f4280000,0x00000000f4280000,0x00000000f5d80000)
 ParOldGen       total 84480K, used 65042K [0x00000000a0000000, 0x00000000a5280000, 0x00000000e0000000)
  object space 84480K, 76% used [0x00000000a0000000,0x00000000a3f84958,0x00000000a5280000)
 Metaspace       used 80076K, capacity 83621K, committed 83928K, reserved 1122304K
  class space    used 10109K, capacity 10950K, committed 11008K, reserved 1048576K
}
Event: 3057.493 GC heap before
{Heap before GC invocations=27 (full 3):
 PSYoungGen      total 291328K, used 291178K [0x00000000e0000000, 0x00000000f5d80000, 0x0000000100000000)
  eden space 268288K, 99% used [0x00000000e0000000,0x00000000f05dee58,0x00000000f0600000)
  from space 23040K, 99% used [0x00000000f0600000,0x00000000f1c7bd10,0x00000000f1c80000)
  to   space 27648K, 0% used [0x00000000f4280000,0x00000000f4280000,0x00000000f5d80000)
 ParOldGen       total 84480K, used 65042K [0x00000000a0000000, 0x00000000a5280000, 0x00000000e0000000)
  object space 84480K, 76% used [0x00000000a0000000,0x00000000a3f84958,0x00000000a5280000)
 Metaspace       used 81099K, capacity 84795K, committed 85080K, reserved 1124352K
  class space    used 10264K, capacity 11091K, committed 11136K, reserved 1048576K
Event: 3057.551 GC heap after
Heap after GC invocations=27 (full 3):
 PSYoungGen      total 329216K, used 18803K [0x00000000e0000000, 0x00000000f6b80000, 0x0000000100000000)
  eden space 301568K, 0% used [0x00000000e0000000,0x00000000e0000000,0x00000000f2680000)
  from space 27648K, 68% used [0x00000000f4280000,0x00000000f54dcc30,0x00000000f5d80000)
  to   space 28672K, 0% used [0x00000000f2680000,0x00000000f2680000,0x00000000f4280000)
 ParOldGen       total 84480K, used 72335K [0x00000000a0000000, 0x00000000a5280000, 0x00000000e0000000)
  object space 84480K, 85% used [0x00000000a0000000,0x00000000a46a3f30,0x00000000a5280000)
 Metaspace       used 81099K, capacity 84795K, committed 85080K, reserved 1124352K
  class space    used 10264K, capacity 11091K, committed 11136K, reserved 1048576K
}
Event: 3057.551 GC heap before
{Heap before GC invocations=28 (full 4):
 PSYoungGen      total 329216K, used 18803K [0x00000000e0000000, 0x00000000f6b80000, 0x0000000100000000)
  eden space 301568K, 0% used [0x00000000e0000000,0x00000000e0000000,0x00000000f2680000)
  from space 27648K, 68% used [0x00000000f4280000,0x00000000f54dcc30,0x00000000f5d80000)
  to   space 28672K, 0% used [0x00000000f2680000,0x00000000f2680000,0x00000000f4280000)
 ParOldGen       total 84480K, used 72335K [0x00000000a0000000, 0x00000000a5280000, 0x00000000e0000000)
  object space 84480K, 85% used [0x00000000a0000000,0x00000000a46a3f30,0x00000000a5280000)
 Metaspace       used 81099K, capacity 84795K, committed 85080K, reserved 1124352K
  class space    used 10264K, capacity 11091K, committed 11136K, reserved 1048576K
Event: 3058.088 GC heap after
Heap after GC invocations=28 (full 4):
 PSYoungGen      total 329216K, used 0K [0x00000000e0000000, 0x00000000f6b80000, 0x0000000100000000)
  eden space 301568K, 0% used [0x00000000e0000000,0x00000000e0000000,0x00000000f2680000)
  from space 27648K, 0% used [0x00000000f4280000,0x00000000f4280000,0x00000000f5d80000)
  to   space 28672K, 0% used [0x00000000f2680000,0x00000000f2680000,0x00000000f4280000)
 ParOldGen       total 84480K, used 67072K [0x00000000a0000000, 0x00000000a5280000, 0x00000000e0000000)
  object space 84480K, 79% used [0x00000000a0000000,0x00000000a41803f0,0x00000000a5280000)
 Metaspace       used 81018K, capacity 84531K, committed 85080K, reserved 1124352K
  class space    used 10240K, capacity 11067K, committed 11136K, reserved 1048576K
}

